\BOOKMARK [1][-]{section.1}{Introduction}{}
\BOOKMARK [1][-]{section.2}{Fundamentals of Stokes Flow}{}
\BOOKMARK [2][-]{subsection.2.1}{Equations of Motion}{section.2}
\BOOKMARK [2][-]{subsection.2.2}{Boundary Conditions}{section.2}
\BOOKMARK [3][-]{subsubsection.2.2.1}{Fluid-Solid Boundary}{subsection.2.2}
\BOOKMARK [3][-]{subsubsection.2.2.2}{Fluid-Fluid Boundary}{subsection.2.2}
\BOOKMARK [2][-]{subsection.2.3}{Greens functions}{section.2}
\BOOKMARK [2][-]{subsection.2.4}{Integral Representation of Stokes Equations}{section.2}
\BOOKMARK [1][-]{section.3}{Theoretical Development}{}
\BOOKMARK [2][-]{subsection.3.1}{Problem Statement}{section.3}
\BOOKMARK [2][-]{subsection.3.2}{Integral Representation}{section.3}
\BOOKMARK [2][-]{subsection.3.3}{Axisymmetric Simplification}{section.3}
\BOOKMARK [1][-]{section.4}{Numerical Method}{}
\BOOKMARK [2][-]{subsection.4.1}{Discretisation and Linear System}{section.4}
\BOOKMARK [2][-]{subsection.4.2}{Evaluation of the coefficients}{section.4}
\BOOKMARK [2][-]{subsection.4.3}{Temporal Iteration}{section.4}
\BOOKMARK [1][-]{section.5}{Model Testing}{}
\BOOKMARK [2][-]{subsection.5.1}{Uniform and Infinite Fluid}{section.5}
\BOOKMARK [2][-]{subsection.5.2}{Initial Height of Sphere}{section.5}
\BOOKMARK [2][-]{subsection.5.3}{Truncation Length}{section.5}
\BOOKMARK [2][-]{subsection.5.4}{Discretisation of Interface}{section.5}
\BOOKMARK [2][-]{subsection.5.5}{Numerical Differentiation of Interface}{section.5}
\BOOKMARK [2][-]{subsection.5.6}{Experimental Verification}{section.5}
\BOOKMARK [1][-]{section.6}{Results}{}
\BOOKMARK [2][-]{subsection.6.1}{Settling Spheres}{section.6}
\BOOKMARK [3][-]{subsubsection.6.1.1}{Floating versus Sinking}{subsection.6.1}
\BOOKMARK [3][-]{subsubsection.6.1.2}{Equilibrium Floating Position}{subsection.6.1}
\BOOKMARK [3][-]{subsubsection.6.1.3}{Entrained Volume}{subsection.6.1}
\BOOKMARK [3][-]{subsubsection.6.1.4}{Sinking Timescale}{subsection.6.1}
\BOOKMARK [2][-]{subsection.6.2}{Settling Spheroids}{section.6}
\BOOKMARK [1][-]{section.7}{Discussion}{}
\BOOKMARK [2][-]{subsection.7.1}{Floating versus Sinking}{section.7}
\BOOKMARK [3][-]{subsubsection.7.1.1}{Vella06 Model: A static description of the floating - sinking transition}{subsection.7.1}
\BOOKMARK [3][-]{subsubsection.7.1.2}{Difference between the static and BIM models}{subsection.7.1}
\BOOKMARK [3][-]{subsubsection.7.1.3}{Modified static model}{subsection.7.1}
\BOOKMARK [3][-]{subsubsection.7.1.4}{Comparison with BIM results}{subsection.7.1}
\BOOKMARK [2][-]{subsection.7.2}{Equilibrium Floating Position}{section.7}
\BOOKMARK [2][-]{subsection.7.3}{Entrained Volume}{section.7}
\BOOKMARK [2][-]{subsection.7.4}{Sinking Timescale}{section.7}
\BOOKMARK [2][-]{subsection.7.5}{Settling Spheroids}{section.7}
\BOOKMARK [1][-]{appendix.A}{Dirac Delta Function}{}
\BOOKMARK [1][-]{appendix.B}{Greens Functions for Stokes Flow}{}
\BOOKMARK [2][-]{subsection.B.1}{Integral for Greens Function for Pressure}{appendix.B}
\BOOKMARK [2][-]{subsection.B.2}{Integrals for the Greens Function for Velocity}{appendix.B}
\BOOKMARK [1][-]{appendix.C}{Lorentz Reciprocal Theorem}{}
\BOOKMARK [1][-]{appendix.D}{Cauchy Principle Value}{}
\BOOKMARK [1][-]{appendix.E}{Divergence Theorem}{}
\BOOKMARK [1][-]{appendix.F}{Elliptic Integrals}{}
\BOOKMARK [1][-]{appendix.G}{Components of bold0mu mumu AAAAAA, bold0mu mumu BBBBBB and bold0mu mumu CCCCCC}{}
\BOOKMARK [2][-]{subsection.G.1}{Special case: xr = 0}{appendix.G}
