This is pdfTeX, Version 3.1415926-1.40.10 (TeX Live 2009/Debian) (format=pdflatex 2012.12.18)  16 FEB 2016 11:53
entering extended mode
 \write18 enabled.
 %&-line parsing enabled.
**bim.tex
(./bim.tex
LaTeX2e <2009/09/24>
Babel <v3.8l> and hyphenation patterns for english, usenglishmax, dumylang, noh
yphenation, loaded.
(/usr/share/texmf-texlive/tex/latex/base/article.cls
Document Class: article 2007/10/19 v1.4h Standard LaTeX document class
(/usr/share/texmf-texlive/tex/latex/base/size12.clo
File: size12.clo 2007/10/19 v1.4h Standard LaTeX file (size option)
)
\c@part=\count79
\c@section=\count80
\c@subsection=\count81
\c@subsubsection=\count82
\c@paragraph=\count83
\c@subparagraph=\count84
\c@figure=\count85
\c@table=\count86
\abovecaptionskip=\skip41
\belowcaptionskip=\skip42
\bibindent=\dimen102
)
(/usr/share/texmf-texlive/tex/latex/ntgclass/a4.sty
Package: a4 2004/04/15 v1.2g A4 based page layout
)
(/usr/share/texmf-texlive/tex/latex/hyperref/hyperref.sty
Package: hyperref 2009/10/09 v6.79a Hypertext links for LaTeX

(/usr/share/texmf-texlive/tex/latex/graphics/keyval.sty
Package: keyval 1999/03/16 v1.13 key=value parser (DPC)
\KV@toks@=\toks14
)
(/usr/share/texmf-texlive/tex/generic/oberdiek/ifpdf.sty
Package: ifpdf 2009/04/10 v2.0 Provides the ifpdf switch (HO)
Package ifpdf Info: pdfTeX in pdf mode detected.
)
(/usr/share/texmf-texlive/tex/generic/oberdiek/ifvtex.sty
Package: ifvtex 2008/11/04 v1.4 Switches for detecting VTeX and its modes (HO)
Package ifvtex Info: VTeX not detected.
)
(/usr/share/texmf-texlive/tex/generic/ifxetex/ifxetex.sty
Package: ifxetex 2009/01/23 v0.5 Provides ifxetex conditional
)
(/usr/share/texmf-texlive/tex/latex/oberdiek/hycolor.sty
Package: hycolor 2009/10/02 v1.5 Code for color options of hyperref/bookmark (H
O)

(/usr/share/texmf-texlive/tex/latex/oberdiek/xcolor-patch.sty
Package: xcolor-patch 2009/10/02 xcolor patch
))
\@linkdim=\dimen103
\Hy@linkcounter=\count87
\Hy@pagecounter=\count88

(/usr/share/texmf-texlive/tex/latex/hyperref/pd1enc.def
File: pd1enc.def 2009/10/09 v6.79a Hyperref: PDFDocEncoding definition (HO)
)
(/usr/share/texmf-texlive/tex/generic/oberdiek/etexcmds.sty
Package: etexcmds 2007/12/12 v1.2 Prefix for e-TeX command names (HO)

(/usr/share/texmf-texlive/tex/generic/oberdiek/infwarerr.sty
Package: infwarerr 2007/09/09 v1.2 Providing info/warning/message (HO)
)
Package etexcmds Info: Could not find \expanded.
(etexcmds)             That can mean that you are not using pdfTeX 1.50 or
(etexcmds)             that some package has redefined \expanded.
(etexcmds)             In the latter case, load this package earlier.
)
(/usr/share/texmf-texlive/tex/latex/latexconfig/hyperref.cfg
File: hyperref.cfg 2002/06/06 v1.2 hyperref configuration of TeXLive
)
(/usr/share/texmf-texlive/tex/latex/oberdiek/kvoptions.sty
Package: kvoptions 2009/08/13 v3.4 Keyval support for LaTeX options (HO)

(/usr/share/texmf-texlive/tex/generic/oberdiek/kvsetkeys.sty
Package: kvsetkeys 2009/07/30 v1.5 Key value parser with default handler suppor
t (HO)
))
Package hyperref Info: Hyper figures OFF on input line 2975.
Package hyperref Info: Link nesting OFF on input line 2980.
Package hyperref Info: Hyper index ON on input line 2983.
Package hyperref Info: Plain pages OFF on input line 2990.
Package hyperref Info: Backreferencing OFF on input line 2995.

Implicit mode ON; LaTeX internals redefined
Package hyperref Info: Bookmarks ON on input line 3191.
(/usr/share/texmf-texlive/tex/latex/ltxmisc/url.sty
\Urlmuskip=\muskip10
Package: url 2006/04/12  ver 3.3  Verb mode for urls, etc.
)
LaTeX Info: Redefining \url on input line 3428.

(/usr/share/texmf-texlive/tex/generic/oberdiek/bitset.sty
Package: bitset 2007/09/28 v1.0 Data type bit set (HO)

(/usr/share/texmf-texlive/tex/generic/oberdiek/intcalc.sty
Package: intcalc 2007/09/27 v1.1 Expandable integer calculations (HO)
)
(/usr/share/texmf-texlive/tex/generic/oberdiek/bigintcalc.sty
Package: bigintcalc 2007/11/11 v1.1 Expandable big integer calculations (HO)

(/usr/share/texmf-texlive/tex/generic/oberdiek/pdftexcmds.sty
Package: pdftexcmds 2009/09/23 v0.6 LuaTeX support for pdfTeX utility functions
 (HO)

(/usr/share/texmf-texlive/tex/generic/oberdiek/ifluatex.sty
Package: ifluatex 2009/04/17 v1.2 Provides the ifluatex switch (HO)
Package ifluatex Info: LuaTeX not detected.
)
(/usr/share/texmf-texlive/tex/generic/oberdiek/ltxcmds.sty
Package: ltxcmds 2009/08/05 v1.0 Some LaTeX kernel commands for general use (HO
)
)
Package pdftexcmds Info: LuaTeX not detected.
Package pdftexcmds Info: \pdf@primitive is available.
Package pdftexcmds Info: \pdf@ifprimitive is available.
)))
\Fld@menulength=\count89
\Field@Width=\dimen104
\Fld@charsize=\dimen105
\Field@toks=\toks15
Package hyperref Info: Hyper figures OFF on input line 4377.
Package hyperref Info: Link nesting OFF on input line 4382.
Package hyperref Info: Hyper index ON on input line 4385.
Package hyperref Info: backreferencing OFF on input line 4392.
Package hyperref Info: Link coloring OFF on input line 4397.
Package hyperref Info: Link coloring with OCG OFF on input line 4402.
Package hyperref Info: PDF/A mode OFF on input line 4407.

(/usr/share/texmf-texlive/tex/generic/oberdiek/atbegshi.sty
Package: atbegshi 2008/07/31 v1.9 At begin shipout hook (HO)
)
\Hy@abspage=\count90
\c@Item=\count91
\c@Hfootnote=\count92
)
*hyperref using default driver hpdftex*
(/usr/share/texmf-texlive/tex/latex/hyperref/hpdftex.def
File: hpdftex.def 2009/10/09 v6.79a Hyperref driver for pdfTeX
\Fld@listcount=\count93
)
(/usr/share/texmf-texlive/tex/latex/graphics/color.sty
Package: color 2005/11/14 v1.0j Standard LaTeX Color (DPC)

(/etc/texmf/tex/latex/config/color.cfg
File: color.cfg 2007/01/18 v1.5 color configuration of teTeX/TeXLive
)
Package color Info: Driver file: pdftex.def on input line 130.

(/usr/share/texmf-texlive/tex/latex/pdftex-def/pdftex.def
File: pdftex.def 2010/03/12 v0.04p Graphics/color for pdfTeX
\Gread@gobject=\count94
))
(/usr/share/texmf-texlive/tex/latex/graphics/graphicx.sty
Package: graphicx 1999/02/16 v1.0f Enhanced LaTeX Graphics (DPC,SPQR)

(/usr/share/texmf-texlive/tex/latex/graphics/graphics.sty
Package: graphics 2009/02/05 v1.0o Standard LaTeX Graphics (DPC,SPQR)

(/usr/share/texmf-texlive/tex/latex/graphics/trig.sty
Package: trig 1999/03/16 v1.09 sin cos tan (DPC)
)
(/etc/texmf/tex/latex/config/graphics.cfg
File: graphics.cfg 2009/08/28 v1.8 graphics configuration of TeX Live
)
Package graphics Info: Driver file: pdftex.def on input line 91.
)
\Gin@req@height=\dimen106
\Gin@req@width=\dimen107
)
(/usr/share/texmf-texlive/tex/latex/fancyhdr/fancyhdr.sty
\fancy@headwidth=\skip43
\f@ncyO@elh=\skip44
\f@ncyO@erh=\skip45
\f@ncyO@olh=\skip46
\f@ncyO@orh=\skip47
\f@ncyO@elf=\skip48
\f@ncyO@erf=\skip49
\f@ncyO@olf=\skip50
\f@ncyO@orf=\skip51
)
(/usr/share/texmf-texlive/tex/latex/tools/multicol.sty
Package: multicol 2008/12/05 v1.6h multicolumn formatting (FMi)
\c@tracingmulticols=\count95
\mult@box=\box26
\multicol@leftmargin=\dimen108
\c@unbalance=\count96
\c@collectmore=\count97
\doublecol@number=\count98
\multicoltolerance=\count99
\multicolpretolerance=\count100
\full@width=\dimen109
\page@free=\dimen110
\premulticols=\dimen111
\postmulticols=\dimen112
\multicolsep=\skip52
\multicolbaselineskip=\skip53
\partial@page=\box27
\last@line=\box28
\mult@rightbox=\box29
\mult@grightbox=\box30
\mult@gfirstbox=\box31
\mult@firstbox=\box32
\@tempa=\box33
\@tempa=\box34
\@tempa=\box35
\@tempa=\box36
\@tempa=\box37
\@tempa=\box38
\@tempa=\box39
\@tempa=\box40
\@tempa=\box41
\@tempa=\box42
\@tempa=\box43
\@tempa=\box44
\@tempa=\box45
\@tempa=\box46
\@tempa=\box47
\@tempa=\box48
\@tempa=\box49
\c@columnbadness=\count101
\c@finalcolumnbadness=\count102
\last@try=\dimen113
\multicolovershoot=\dimen114
\multicolundershoot=\dimen115
\mult@nat@firstbox=\box50
\colbreak@box=\box51
)
(/usr/share/texmf-texlive/tex/latex/amsmath/amstext.sty
Package: amstext 2000/06/29 v2.01

(/usr/share/texmf-texlive/tex/latex/amsmath/amsgen.sty
File: amsgen.sty 1999/11/30 v2.0
\@emptytoks=\toks16
\ex@=\dimen116
))
(/usr/share/texmf-texlive/tex/latex/amsmath/amsmath.sty
Package: amsmath 2000/07/18 v2.13 AMS math features
\@mathmargin=\skip54

For additional information on amsmath, use the `?' option.
(/usr/share/texmf-texlive/tex/latex/amsmath/amsbsy.sty
Package: amsbsy 1999/11/29 v1.2d
\pmbraise@=\dimen117
)
(/usr/share/texmf-texlive/tex/latex/amsmath/amsopn.sty
Package: amsopn 1999/12/14 v2.01 operator names
)
\inf@bad=\count103
LaTeX Info: Redefining \frac on input line 211.
\uproot@=\count104
\leftroot@=\count105
LaTeX Info: Redefining \overline on input line 307.
\classnum@=\count106
\DOTSCASE@=\count107
LaTeX Info: Redefining \ldots on input line 379.
LaTeX Info: Redefining \dots on input line 382.
LaTeX Info: Redefining \cdots on input line 467.
\Mathstrutbox@=\box52
\strutbox@=\box53
\big@size=\dimen118
LaTeX Font Info:    Redeclaring font encoding OML on input line 567.
LaTeX Font Info:    Redeclaring font encoding OMS on input line 568.
\macc@depth=\count108
\c@MaxMatrixCols=\count109
\dotsspace@=\muskip11
\c@parentequation=\count110
\dspbrk@lvl=\count111
\tag@help=\toks17
\row@=\count112
\column@=\count113
\maxfields@=\count114
\andhelp@=\toks18
\eqnshift@=\dimen119
\alignsep@=\dimen120
\tagshift@=\dimen121
\tagwidth@=\dimen122
\totwidth@=\dimen123
\lineht@=\dimen124
\@envbody=\toks19
\multlinegap=\skip55
\multlinetaggap=\skip56
\mathdisplay@stack=\toks20
LaTeX Info: Redefining \[ on input line 2666.
LaTeX Info: Redefining \] on input line 2667.
)
(/usr/share/texmf-texlive/tex/latex/natbib/natbib.sty
Package: natbib 2009/07/16 8.31 (PWD, AO)
\bibhang=\skip57
\bibsep=\skip58
LaTeX Info: Redefining \cite on input line 694.
\c@NAT@ctr=\count115
)
(/usr/share/texmf-texlive/tex/latex/oberdiek/pdflscape.sty
Package: pdflscape 2008/08/11 v0.10 Landscape pages in PDF (HO)

(/usr/share/texmf-texlive/tex/latex/graphics/lscape.sty
Package: lscape 2000/10/22 v3.01 Landscape Pages (DPC)
)
Package pdflscape Info: Auto-detected driver: pdftex on input line 75.
)
(/usr/share/texmf-texlive/tex/latex/tools/longtable.sty
Package: longtable 2004/02/01 v4.11 Multi-page Table package (DPC)
\LTleft=\skip59
\LTright=\skip60
\LTpre=\skip61
\LTpost=\skip62
\LTchunksize=\count116
\LTcapwidth=\dimen125
\LT@head=\box54
\LT@firsthead=\box55
\LT@foot=\box56
\LT@lastfoot=\box57
\LT@cols=\count117
\LT@rows=\count118
\c@LT@tables=\count119
\c@LT@chunks=\count120
\LT@p@ftn=\toks21
)
(/usr/share/texmf-texlive/tex/latex/caption/caption.sty
Package: caption 2009/10/09 v3.1k Customizing captions (AR)

(/usr/share/texmf-texlive/tex/latex/caption/caption3.sty
Package: caption3 2009/10/09 v3.1k caption3 kernel (AR)
\captionmargin=\dimen126
\captionmargin@=\dimen127
\captionwidth=\dimen128
\caption@indent=\dimen129
\caption@parindent=\dimen130
\caption@hangindent=\dimen131
)
\c@ContinuedFloat=\count121
Package caption Info: hyperref package is loaded.
Package caption Info: longtable package is loaded.

(/usr/share/texmf-texlive/tex/latex/caption/ltcaption.sty
Package: ltcaption 2008/03/28 v1.2 longtable captions (AR)
))
(/usr/share/texmf-texlive/tex/latex/caption/subcaption.sty
Package: subcaption 2008/08/31 v1.0b Adding subcaptions (AR)
\c@subfigure=\count122
\c@subtable=\count123
)
(/usr/share/texmf-texlive/tex/latex/amsfonts/amsfonts.sty
Package: amsfonts 2009/06/22 v3.00 Basic AMSFonts support
\symAMSa=\mathgroup4
\symAMSb=\mathgroup5
LaTeX Font Info:    Overwriting math alphabet `\mathfrak' in version `bold'
(Font)                  U/euf/m/n --> U/euf/b/n on input line 96.
)
(/usr/share/texmf-texlive/tex/latex/psnfss/pifont.sty
Package: pifont 2005/04/12 PSNFSS-v9.2a Pi font support (SPQR) 
LaTeX Font Info:    Try loading font information for U+pzd on input line 63.

(/usr/share/texmf-texlive/tex/latex/psnfss/upzd.fd
File: upzd.fd 2001/06/04 font definitions for U/pzd.
)
LaTeX Font Info:    Try loading font information for U+psy on input line 64.

(/usr/share/texmf-texlive/tex/latex/psnfss/upsy.fd
File: upsy.fd 2001/06/04 font definitions for U/psy.
))
(/usr/share/texmf-texlive/tex/latex/preprint/authblk.sty
Package: authblk 2001/02/27 1.3 (PWD)
\affilsep=\skip63
\@affilsep=\skip64
\c@Maxaffil=\count124
\c@authors=\count125
\c@affil=\count126
)
(/usr/share/texmf-texlive/tex/latex/oberdiek/epstopdf.sty
Package: epstopdf 2009/10/17 v2.4 Conversion with epstopdf on the fly (HO)

(/usr/share/texmf-texlive/tex/latex/oberdiek/epstopdf-base.sty
Package: epstopdf-base 2009/10/17 v2.4 Base part for package epstopdf

(/usr/share/texmf-texlive/tex/latex/oberdiek/grfext.sty
Package: grfext 2007/09/30 v1.0 Managing graphics extensions (HO)
)
Package grfext Info: Graphics extension search list:
(grfext)             [.png,.pdf,.jpg,.mps,.jpeg,.jbig2,.jb2,.PNG,.PDF,.JPG,.JPE
G,.JBIG2,.JB2,.eps]
(grfext)             \AppendGraphicsExtensions on input line 433.

(/usr/share/texmf-texlive/tex/latex/latexconfig/epstopdf-sys.cfg
File: epstopdf-sys.cfg 2009/10/26 v1.1 Configuration of epstopdf for TeX Live
)))
(/usr/share/texmf-texlive/tex/latex/multirow/multirow.sty
\bigstrutjot=\dimen132
)
(/usr/share/texmf/tex/latex/bigints/bigints.sty
Package: bigints 2010/02/15 Writing big integrals
Package bigints Info: This is Bigints by Merciadri Luca. on input line 5.
)
(/usr/share/texmf-texlive/tex/latex/tools/verbatim.sty
Package: verbatim 2003/08/22 v1.5q LaTeX2e package for verbatim enhancements
\every@verbatim=\toks22
\verbatim@line=\toks23
\verbatim@in@stream=\read1
)
Package color Info: Redefining color blue on input line 49.

(/usr/share/texmf-texlive/tex/latex/listings/listings.sty
\lst@mode=\count127
\lst@gtempboxa=\box58
\lst@token=\toks24
\lst@length=\count128
\lst@currlwidth=\dimen133
\lst@column=\count129
\lst@pos=\count130
\lst@lostspace=\dimen134
\lst@width=\dimen135
\lst@newlines=\count131
\lst@lineno=\count132
\lst@maxwidth=\dimen136

(/usr/share/texmf-texlive/tex/latex/listings/lstmisc.sty
File: lstmisc.sty 2007/02/22 1.4 (Carsten Heinz)
\c@lstnumber=\count133
\lst@skipnumbers=\count134
\lst@framebox=\box59
)
(/usr/share/texmf-texlive/tex/latex/listings/listings.cfg
File: listings.cfg 2007/02/22 1.4 listings configuration
))
Package: listings 2007/02/22 1.4 (Carsten Heinz)

(/usr/share/texmf-texlive/tex/latex/listings/lstlang1.sty
File: lstlang1.sty 2004/09/05 1.3 listings language file
)
(/usr/share/texmf-texlive/tex/latex/listings/lstlang1.sty
File: lstlang1.sty 2004/09/05 1.3 listings language file
)
(/usr/share/texmf-texlive/tex/latex/listings/lstmisc.sty
File: lstmisc.sty 2007/02/22 1.4 (Carsten Heinz)
) (./bim.aux

LaTeX Warning: Label `equ:int_it' multiply defined.

)
\openout1 = `bim.aux'.

LaTeX Font Info:    Checking defaults for OML/cmm/m/it on input line 81.
LaTeX Font Info:    ... okay on input line 81.
LaTeX Font Info:    Checking defaults for T1/cmr/m/n on input line 81.
LaTeX Font Info:    ... okay on input line 81.
LaTeX Font Info:    Checking defaults for OT1/cmr/m/n on input line 81.
LaTeX Font Info:    ... okay on input line 81.
LaTeX Font Info:    Checking defaults for OMS/cmsy/m/n on input line 81.
LaTeX Font Info:    ... okay on input line 81.
LaTeX Font Info:    Checking defaults for OMX/cmex/m/n on input line 81.
LaTeX Font Info:    ... okay on input line 81.
LaTeX Font Info:    Checking defaults for U/cmr/m/n on input line 81.
LaTeX Font Info:    ... okay on input line 81.
LaTeX Font Info:    Checking defaults for PD1/pdf/m/n on input line 81.
LaTeX Font Info:    ... okay on input line 81.
Package hyperref Info: Link coloring OFF on input line 81.
 (/usr/share/texmf-texlive/tex/latex/hyperref/nameref.sty
Package: nameref 2007/05/29 v2.31 Cross-referencing by name of section

(/usr/share/texmf-texlive/tex/latex/oberdiek/refcount.sty
Package: refcount 2008/08/11 v3.1 Data extraction from references (HO)
)
\c@section@level=\count135
)
LaTeX Info: Redefining \ref on input line 81.
LaTeX Info: Redefining \pageref on input line 81.
 (./bim.out)
(./bim.out)
\@outlinefile=\write3
\openout3 = `bim.out'.

\AtBeginShipoutBox=\box60
 (/usr/share/texmf-texlive/tex/context/base/supp-pdf.mkii
[Loading MPS to PDF converter (version 2006.09.02).]
\scratchcounter=\count136
\scratchdimen=\dimen137
\scratchbox=\box61
\nofMPsegments=\count137
\nofMParguments=\count138
\everyMPshowfont=\toks25
\MPscratchCnt=\count139
\MPscratchDim=\dimen138
\MPnumerator=\count140
\everyMPtoPDFconversion=\toks26
)
Package caption Info: Begin \AtBeginDocument code.
Package caption Info: listings package is loaded.
Package caption Info: End \AtBeginDocument code.
\c@lstlisting=\count141
LaTeX Font Info:    Try loading font information for U+msa on input line 97.
 (/usr/share/texmf-texlive/tex/latex/amsfonts/umsa.fd
File: umsa.fd 2009/06/22 v3.00 AMS symbols A
)
LaTeX Font Info:    Try loading font information for U+msb on input line 97.

(/usr/share/texmf-texlive/tex/latex/amsfonts/umsb.fd
File: umsb.fd 2009/06/22 v3.00 AMS symbols B
) [1

{/var/lib/texmf/fonts/map/pdftex/updmap/pdftex.map}]

Package Fancyhdr Warning: \headheight is too small (12.0pt): 
 Make it at least 14.49998pt.
 We now make it that large for the rest of the document.
 This may cause the page layout to be inconsistent, however.

[2] [3] [4] [5]
Package epstopdf Info: Source file: <fluid_solid.eps>
(epstopdf)                    date: 2016-02-01 15:19:09
(epstopdf)                    size: 18267 bytes
(epstopdf)             Output file: <fluid_solid-eps-converted-to.pdf>
(epstopdf)                    date: 2016-02-01 15:19:09
(epstopdf)                    size: 10549 bytes
(epstopdf)             Command: <epstopdf --outfile=fluid_solid-eps-converted-t
o.pdf fluid_solid.eps>
(epstopdf)             \includegraphics on input line 313.
Package epstopdf Info: Output file is already uptodate.

<fluid_solid-eps-converted-to.pdf, id=235, 464.73625pt x 135.50626pt>
File: fluid_solid-eps-converted-to.pdf Graphic file (type pdf)

<use fluid_solid-eps-converted-to.pdf>
Overfull \hbox (20.81961pt too wide) in paragraph at lines 324--325
[]\OT1/cmr/m/n/12 where $\OML/cmm/m/it/12 m[]\OT1/cmr/m/n/12 ([])$ is the nor-m
al vec-tor to $\OMS/cmsy/m/n/12 S$ \OT1/cmr/m/n/12 di-rected into the fluid. Us
-ing the non-dimensionalisation
 []

[6 <./fluid_solid-eps-converted-to.pdf>]
Package epstopdf Info: Source file: <fluid_fluid.eps>
(epstopdf)                    date: 2016-02-01 15:19:09
(epstopdf)                    size: 17518 bytes
(epstopdf)             Output file: <fluid_fluid-eps-converted-to.pdf>
(epstopdf)                    date: 2016-02-01 15:19:09
(epstopdf)                    size: 10283 bytes
(epstopdf)             Command: <epstopdf --outfile=fluid_fluid-eps-converted-t
o.pdf fluid_fluid.eps>
(epstopdf)             \includegraphics on input line 344.
Package epstopdf Info: Output file is already uptodate.

<fluid_fluid-eps-converted-to.pdf, id=264, 412.54124pt x 174.6525pt>
File: fluid_fluid-eps-converted-to.pdf Graphic file (type pdf)

<use fluid_fluid-eps-converted-to.pdf> [7 <./fluid_fluid-eps-converted-to.pdf>]
[8] [9] [10]
Package epstopdf Info: Source file: <formulation.eps>
(epstopdf)                    date: 2016-02-01 15:19:09
(epstopdf)                    size: 41795 bytes
(epstopdf)             Output file: <formulation-eps-converted-to.pdf>
(epstopdf)                    date: 2016-02-01 15:19:09
(epstopdf)                    size: 18164 bytes
(epstopdf)             Command: <epstopdf --outfile=formulation-eps-converted-t
o.pdf formulation.eps>
(epstopdf)             \includegraphics on input line 506.
Package epstopdf Info: Output file is already uptodate.

<formulation-eps-converted-to.pdf, id=367, 301.125pt x 259.97125pt>
File: formulation-eps-converted-to.pdf Graphic file (type pdf)

<use formulation-eps-converted-to.pdf> [11] [12 <./formulation-eps-converted-to
.pdf>] [13] [14] [15] [16]
Overfull \hbox (43.12306pt too wide) detected at line 658
\OML/cmm/m/it/12 R [][] B[]\OT1/cmr/m/n/12 ([]\OML/cmm/m/it/12 ; ^^R\OT1/cmr/m/
n/12 )^^H[](\OML/cmm/m/it/12 ^^R\OT1/cmr/m/n/12 )d\OML/cmm/m/it/12 ^^R \OT1/cmr
/m/n/12 + [][] \OML/cmm/m/it/12 A[]\OT1/cmr/m/n/12 ([]\OML/cmm/m/it/12 ; s\OT1/
cmr/m/n/12 )	[](\OML/cmm/m/it/12 s\OT1/cmr/m/n/12 )\OML/cmm/m/it/12 y[]\OT1/cmr
/m/n/12 (\OML/cmm/m/it/12 s\OT1/cmr/m/n/12 )d\OML/cmm/m/it/12 s \OMS/cmsy/m/n/1
2 ^^@ \OT1/cmr/m/n/12 ^^B[] = [][] \OML/cmm/m/it/12 C[]\OT1/cmr/m/n/12 ([]\OML/
cmm/m/it/12 ; s\OT1/cmr/m/n/12 )\OML/cmm/m/it/12 y[]\OT1/cmr/m/n/12 (\OML/cmm/m
/it/12 s\OT1/cmr/m/n/12 )d\OML/cmm/m/it/12 s;  [][] \OMS/cmsy/m/n/12 2 S\OML/cm
m/m/it/12 ;
 []


Overfull \hbox (63.41095pt too wide) detected at line 679
[] \OT1/cmr/m/n/12 = (1 \OMS/cmsy/m/n/12 ^^@ \OML/cmm/m/it/12 ^^U\OT1/cmr/m/n/1
2 ) [] [] d\OML/cmm/m/it/12 ^^^;
 []

[17] [18]
Package epstopdf Info: Source file: <discrete.eps>
(epstopdf)                    date: 2016-02-01 15:19:09
(epstopdf)                    size: 16069 bytes
(epstopdf)             Output file: <discrete-eps-converted-to.pdf>
(epstopdf)                    date: 2016-02-01 15:19:09
(epstopdf)                    size: 9570 bytes
(epstopdf)             Command: <epstopdf --outfile=discrete-eps-converted-to.p
df discrete.eps>
(epstopdf)             \includegraphics on input line 752.
Package epstopdf Info: Output file is already uptodate.
 <discrete-eps-converted-to.pdf, id=500, 301.125pt x 254.9525pt>
File: discrete-eps-converted-to.pdf Graphic file (type pdf)

<use discrete-eps-converted-to.pdf> [19 <./discrete-eps-converted-to.pdf>]
Overfull \hbox (12.37872pt too wide) in paragraph at lines 762--762
[] 
 []


Overfull \hbox (53.17258pt too wide) detected at line 767
\OML/cmm/m/it/12 R [] \OT1/cmr/m/n/12 ^^H[](\OML/cmm/m/it/12 ^^R[]\OT1/cmr/m/n/
12 ) [][] \OML/cmm/m/it/12 B[]\OT1/cmr/m/n/12 (\OML/cmm/m/it/12 ^^R[]; ^^R\OT1/
cmr/m/n/12 )d\OML/cmm/m/it/12 ^^R \OT1/cmr/m/n/12 + [] 	[](\OML/cmm/m/it/12 s[]
\OT1/cmr/m/n/12 ) [][] \OML/cmm/m/it/12 A[]\OT1/cmr/m/n/12 (\OML/cmm/m/it/12 ^^
R[]; s\OT1/cmr/m/n/12 )\OML/cmm/m/it/12 y[]\OT1/cmr/m/n/12 (\OML/cmm/m/it/12 s\
OT1/cmr/m/n/12 )d\OML/cmm/m/it/12 s \OMS/cmsy/m/n/12 ^^@ \OT1/cmr/m/n/12 ^^B[] 
= \OMS/cmsy/m/n/12 ^^@ [] [][] \OML/cmm/m/it/12 C[]\OT1/cmr/m/n/12 (\OML/cmm/m/
it/12 ^^R[]; s\OT1/cmr/m/n/12 )\OML/cmm/m/it/12 y[]\OT1/cmr/m/n/12 (\OML/cmm/m/
it/12 s\OT1/cmr/m/n/12 )d\OML/cmm/m/it/12 s;
 []

[20] [21] [22] [23] [24] (./Happel.tex
\gptboxheight=\skip65
\gptboxwidth=\skip66
\gptboxtext=\box62
Package epstopdf Info: Source file: <Happel.eps>
(epstopdf)                    date: 2016-02-16 11:53:35
(epstopdf)                    size: 18857 bytes
(epstopdf)             Output file: <Happel-eps-converted-to.pdf>
(epstopdf)                    date: 2016-02-16 11:53:36
(epstopdf)                    size: 3486 bytes
(epstopdf)             Command: <epstopdf --outfile=Happel-eps-converted-to.pdf
 Happel.eps>
(epstopdf)             \includegraphics on input line 108.
Package epstopdf Info: Output file is already uptodate.

<Happel-eps-converted-to.pdf, id=585, 361.35pt x 252.945pt>
File: Happel-eps-converted-to.pdf Graphic file (type pdf)

<use Happel-eps-converted-to.pdf>) (./int_test.tex
Package epstopdf Info: Source file: <int_test.eps>
(epstopdf)                    date: 2016-02-16 11:53:35
(epstopdf)                    size: 18371 bytes
(epstopdf)             Output file: <int_test-eps-converted-to.pdf>
(epstopdf)                    date: 2016-02-16 11:53:36
(epstopdf)                    size: 3431 bytes
(epstopdf)             Command: <epstopdf --outfile=int_test-eps-converted-to.p
df int_test.eps>
(epstopdf)             \includegraphics on input line 113.
Package epstopdf Info: Output file is already uptodate.

<int_test-eps-converted-to.pdf, id=589, 361.35pt x 252.945pt>
File: int_test-eps-converted-to.pdf Graphic file (type pdf)

<use int_test-eps-converted-to.pdf>) [25 <./Happel-eps-converted-to.pdf>]
[26 <./int_test-eps-converted-to.pdf>] (./viscos_rat=0_1_pos_pub.tex
Package epstopdf Info: Source file: <viscos_rat=0_1_pos_pub.eps>
(epstopdf)                    date: 2016-02-16 11:53:35
(epstopdf)                    size: 60041 bytes
(epstopdf)             Output file: <viscos_rat=0_1_pos_pub-eps-converted-to.pd
f>
(epstopdf)                    date: 2016-02-16 11:53:37
(epstopdf)                    size: 28862 bytes
(epstopdf)             Command: <epstopdf --outfile=viscos_rat=0_1_pos_pub-eps-
converted-to.pdf viscos_rat=0_1_pos_pub.eps>
(epstopdf)             \includegraphics on input line 124.
Package epstopdf Info: Output file is already uptodate.

<viscos_rat=0_1_pos_pub-eps-converted-to.pdf, id=608, 361.35pt x 252.945pt>
File: viscos_rat=0_1_pos_pub-eps-converted-to.pdf Graphic file (type pdf)

<use viscos_rat=0_1_pos_pub-eps-converted-to.pdf>) (./viscos_rat=10_pos_pub.tex
Package epstopdf Info: Source file: <viscos_rat=10_pos_pub.eps>
(epstopdf)                    date: 2016-02-16 11:53:35
(epstopdf)                    size: 61903 bytes
(epstopdf)             Output file: <viscos_rat=10_pos_pub-eps-converted-to.pdf
>
(epstopdf)                    date: 2016-02-16 11:53:37
(epstopdf)                    size: 29347 bytes
(epstopdf)             Command: <epstopdf --outfile=viscos_rat=10_pos_pub-eps-c
onverted-to.pdf viscos_rat=10_pos_pub.eps>
(epstopdf)             \includegraphics on input line 125.
Package epstopdf Info: Output file is already uptodate.
<viscos_rat=10_pos_pub-eps-converted-to.pdf, id=609, 361.35pt x 252.945pt>
File: viscos_rat=10_pos_pub-eps-converted-to.pdf Graphic file (type pdf)

<use viscos_rat=10_pos_pub-eps-converted-to.pdf>)
Overfull \hbox (5.22217pt too wide) in paragraph at lines 922--933
 [][]  [] 
 []

(./viscos_rat=0_1_vol_pub.tex
Package epstopdf Info: Source file: <viscos_rat=0_1_vol_pub.eps>
(epstopdf)                    date: 2016-02-16 11:53:35
(epstopdf)                    size: 54737 bytes
(epstopdf)             Output file: <viscos_rat=0_1_vol_pub-eps-converted-to.pd
f>
(epstopdf)                    date: 2016-02-16 11:53:37
(epstopdf)                    size: 28968 bytes
(epstopdf)             Command: <epstopdf --outfile=viscos_rat=0_1_vol_pub-eps-
converted-to.pdf viscos_rat=0_1_vol_pub.eps>
(epstopdf)             \includegraphics on input line 122.
Package epstopdf Info: Output file is already uptodate.

<viscos_rat=0_1_vol_pub-eps-converted-to.pdf, id=610, 361.35pt x 252.945pt>
File: viscos_rat=0_1_vol_pub-eps-converted-to.pdf Graphic file (type pdf)

<use viscos_rat=0_1_vol_pub-eps-converted-to.pdf>) [27 <./viscos_rat=0_1_pos_pu
b-eps-converted-to.pdf> <./viscos_rat=10_pos_pub-eps-converted-to.pdf>]
[28 <./viscos_rat=0_1_vol_pub-eps-converted-to.pdf>]
(./viscos_rat=0_1_pos_trunc_pub.tex
Package epstopdf Info: Source file: <viscos_rat=0_1_pos_trunc_pub.eps>
(epstopdf)                    date: 2016-02-16 11:53:35
(epstopdf)                    size: 68990 bytes
(epstopdf)             Output file: <viscos_rat=0_1_pos_trunc_pub-eps-converted
-to.pdf>
(epstopdf)                    date: 2016-02-16 11:53:37
(epstopdf)                    size: 18760 bytes
(epstopdf)             Command: <epstopdf --outfile=viscos_rat=0_1_pos_trunc_pu
b-eps-converted-to.pdf viscos_rat=0_1_pos_trunc_pub.eps>
(epstopdf)             \includegraphics on input line 119.
Package epstopdf Info: Output file is already uptodate.

<viscos_rat=0_1_pos_trunc_pub-eps-converted-to.pdf, id=630, 361.35pt x 252.945p
t>
File: viscos_rat=0_1_pos_trunc_pub-eps-converted-to.pdf Graphic file (type pdf)

 <use viscos_rat=0_1_pos_trunc_pub-eps-converted-to.pdf>)
(./viscos_rat=10_pos_trunc_pub.tex
Package epstopdf Info: Source file: <viscos_rat=10_pos_trunc_pub.eps>
(epstopdf)                    date: 2016-02-16 11:53:35
(epstopdf)                    size: 70940 bytes
(epstopdf)             Output file: <viscos_rat=10_pos_trunc_pub-eps-converted-
to.pdf>
(epstopdf)                    date: 2016-02-16 11:53:37
(epstopdf)                    size: 27433 bytes
(epstopdf)             Command: <epstopdf --outfile=viscos_rat=10_pos_trunc_pub
-eps-converted-to.pdf viscos_rat=10_pos_trunc_pub.eps>
(epstopdf)             \includegraphics on input line 120.
Package epstopdf Info: Output file is already uptodate.

<viscos_rat=10_pos_trunc_pub-eps-converted-to.pdf, id=631, 361.35pt x 252.945pt
>
File: viscos_rat=10_pos_trunc_pub-eps-converted-to.pdf Graphic file (type pdf)
 <use viscos_rat=10_pos_trunc_pub-eps-converted-to.pdf>)
Overfull \hbox (5.22217pt too wide) in paragraph at lines 949--960
 [][]  [] 
 []

(./viscos_rat=0_1_vol_trunc_pub.tex
Package epstopdf Info: Source file: <viscos_rat=0_1_vol_trunc_pub.eps>
(epstopdf)                    date: 2016-02-16 11:53:35
(epstopdf)                    size: 62974 bytes
(epstopdf)             Output file: <viscos_rat=0_1_vol_trunc_pub-eps-converted
-to.pdf>
(epstopdf)                    date: 2016-02-16 11:53:38
(epstopdf)                    size: 31567 bytes
(epstopdf)             Command: <epstopdf --outfile=viscos_rat=0_1_vol_trunc_pu
b-eps-converted-to.pdf viscos_rat=0_1_vol_trunc_pub.eps>
(epstopdf)             \includegraphics on input line 122.
Package epstopdf Info: Output file is already uptodate.

<viscos_rat=0_1_vol_trunc_pub-eps-converted-to.pdf, id=632, 361.35pt x 252.945p
t>
File: viscos_rat=0_1_vol_trunc_pub-eps-converted-to.pdf Graphic file (type pdf)

 <use viscos_rat=0_1_vol_trunc_pub-eps-converted-to.pdf>)
(./viscos_rat=0_1_pos_n_interf.tex
Package epstopdf Info: Source file: <viscos_rat=0_1_pos_n_interf.eps>
(epstopdf)                    date: 2016-02-16 11:53:35
(epstopdf)                    size: 104482 bytes
(epstopdf)             Output file: <viscos_rat=0_1_pos_n_interf-eps-converted-
to.pdf>
(epstopdf)                    date: 2016-02-16 11:53:38
(epstopdf)                    size: 22445 bytes
(epstopdf)             Command: <epstopdf --outfile=viscos_rat=0_1_pos_n_interf
-eps-converted-to.pdf viscos_rat=0_1_pos_n_interf.eps>
(epstopdf)             \includegraphics on input line 131.
Package epstopdf Info: Output file is already uptodate.

<viscos_rat=0_1_pos_n_interf-eps-converted-to.pdf, id=634, 361.35pt x 252.945pt
>
File: viscos_rat=0_1_pos_n_interf-eps-converted-to.pdf Graphic file (type pdf)
 <use viscos_rat=0_1_pos_n_interf-eps-converted-to.pdf>)
(./viscos_rat=10_pos_n_interf.tex
Package epstopdf Info: Source file: <viscos_rat=10_pos_n_interf.eps>
(epstopdf)                    date: 2016-02-16 11:53:35
(epstopdf)                    size: 225495 bytes
(epstopdf)             Output file: <viscos_rat=10_pos_n_interf-eps-converted-t
o.pdf>
(epstopdf)                    date: 2016-02-16 11:53:38
(epstopdf)                    size: 81859 bytes
(epstopdf)             Command: <epstopdf --outfile=viscos_rat=10_pos_n_interf-
eps-converted-to.pdf viscos_rat=10_pos_n_interf.eps>
(epstopdf)             \includegraphics on input line 126.
Package epstopdf Info: Output file is already uptodate.

<viscos_rat=10_pos_n_interf-eps-converted-to.pdf, id=635, 361.35pt x 252.945pt>
File: viscos_rat=10_pos_n_interf-eps-converted-to.pdf Graphic file (type pdf)
<use viscos_rat=10_pos_n_interf-eps-converted-to.pdf>)
Overfull \hbox (5.22217pt too wide) in paragraph at lines 975--986
 [][]  [] 
 []

(./viscos_rat=0_1_vol_n_interf.tex
Package epstopdf Info: Source file: <viscos_rat=0_1_vol_n_interf.eps>
(epstopdf)                    date: 2016-02-16 11:53:35
(epstopdf)                    size: 96403 bytes
(epstopdf)             Output file: <viscos_rat=0_1_vol_n_interf-eps-converted-
to.pdf>
(epstopdf)                    date: 2016-02-16 11:53:38
(epstopdf)                    size: 36441 bytes
(epstopdf)             Command: <epstopdf --outfile=viscos_rat=0_1_vol_n_interf
-eps-converted-to.pdf viscos_rat=0_1_vol_n_interf.eps>
(epstopdf)             \includegraphics on input line 131.
Package epstopdf Info: Output file is already uptodate.

<viscos_rat=0_1_vol_n_interf-eps-converted-to.pdf, id=637, 361.35pt x 252.945pt
>
File: viscos_rat=0_1_vol_n_interf-eps-converted-to.pdf Graphic file (type pdf)
 <use viscos_rat=0_1_vol_n_interf-eps-converted-to.pdf>)
(./viscos_rat=10_vol_n_interf.tex
Package epstopdf Info: Source file: <viscos_rat=10_vol_n_interf.eps>
(epstopdf)                    date: 2016-02-16 11:53:35
(epstopdf)                    size: 215438 bytes
(epstopdf)             Output file: <viscos_rat=10_vol_n_interf-eps-converted-t
o.pdf>
(epstopdf)                    date: 2016-02-16 11:53:39
(epstopdf)                    size: 90663 bytes
(epstopdf)             Command: <epstopdf --outfile=viscos_rat=10_vol_n_interf-
eps-converted-to.pdf viscos_rat=10_vol_n_interf.eps>
(epstopdf)             \includegraphics on input line 128.
Package epstopdf Info: Output file is already uptodate.

<viscos_rat=10_vol_n_interf-eps-converted-to.pdf, id=638, 361.35pt x 252.945pt>
File: viscos_rat=10_vol_n_interf-eps-converted-to.pdf Graphic file (type pdf)
<use viscos_rat=10_vol_n_interf-eps-converted-to.pdf>)
Overfull \hbox (5.22217pt too wide) in paragraph at lines 993--1004
 [][]  [] 
 []

(./viscos_rat=0_1_pos_diff.tex
Package epstopdf Info: Source file: <viscos_rat=0_1_pos_diff.eps>
(epstopdf)                    date: 2016-02-16 11:53:35
(epstopdf)                    size: 126166 bytes
(epstopdf)             Output file: <viscos_rat=0_1_pos_diff-eps-converted-to.p
df>
(epstopdf)                    date: 2016-02-16 11:53:39
(epstopdf)                    size: 18351 bytes
(epstopdf)             Command: <epstopdf --outfile=viscos_rat=0_1_pos_diff-eps
-converted-to.pdf viscos_rat=0_1_pos_diff.eps>
(epstopdf)             \includegraphics on input line 131.
Package epstopdf Info: Output file is already uptodate.

<viscos_rat=0_1_pos_diff-eps-converted-to.pdf, id=644, 361.35pt x 252.945pt>
File: viscos_rat=0_1_pos_diff-eps-converted-to.pdf Graphic file (type pdf)

<use viscos_rat=0_1_pos_diff-eps-converted-to.pdf>)
(./viscos_rat=10_pos_diff.tex
Package epstopdf Info: Source file: <viscos_rat=10_pos_diff.eps>
(epstopdf)                    date: 2016-02-16 11:53:35
(epstopdf)                    size: 301098 bytes
(epstopdf)             Output file: <viscos_rat=10_pos_diff-eps-converted-to.pd
f>
(epstopdf)                    date: 2016-02-16 11:53:39
(epstopdf)                    size: 102006 bytes
(epstopdf)             Command: <epstopdf --outfile=viscos_rat=10_pos_diff-eps-
converted-to.pdf viscos_rat=10_pos_diff.eps>
(epstopdf)             \includegraphics on input line 129.
Package epstopdf Info: Output file is already uptodate.

<viscos_rat=10_pos_diff-eps-converted-to.pdf, id=645, 361.35pt x 252.945pt>
File: viscos_rat=10_pos_diff-eps-converted-to.pdf Graphic file (type pdf)

<use viscos_rat=10_pos_diff-eps-converted-to.pdf>)
Overfull \hbox (5.22217pt too wide) in paragraph at lines 1013--1024
 [][]  [] 
 []

[29 <./viscos_rat=0_1_pos_trunc_pub-eps-converted-to.pdf> <./viscos_rat=10_pos_
trunc_pub-eps-converted-to.pdf>] [30 <./viscos_rat=0_1_vol_trunc_pub-eps-conver
ted-to.pdf>] [31 <./viscos_rat=0_1_pos_n_interf-eps-converted-to.pdf> <./viscos
_rat=10_pos_n_interf-eps-converted-to.pdf> <./viscos_rat=0_1_vol_n_interf-eps-c
onverted-to.pdf> <./viscos_rat=10_vol_n_interf-eps-converted-to.pdf>]
(./viscos_rat=0_1_vol_diff.tex
Package epstopdf Info: Source file: <viscos_rat=0_1_vol_diff.eps>
(epstopdf)                    date: 2016-02-16 11:53:35
(epstopdf)                    size: 115076 bytes
(epstopdf)             Output file: <viscos_rat=0_1_vol_diff-eps-converted-to.p
df>
(epstopdf)                    date: 2016-02-16 11:53:39
(epstopdf)                    size: 19584 bytes
(epstopdf)             Command: <epstopdf --outfile=viscos_rat=0_1_vol_diff-eps
-converted-to.pdf viscos_rat=0_1_vol_diff.eps>
(epstopdf)             \includegraphics on input line 131.
Package epstopdf Info: Output file is already uptodate.

<viscos_rat=0_1_vol_diff-eps-converted-to.pdf, id=676, 361.35pt x 252.945pt>
File: viscos_rat=0_1_vol_diff-eps-converted-to.pdf Graphic file (type pdf)

<use viscos_rat=0_1_vol_diff-eps-converted-to.pdf>)
(./viscos_rat=10_vol_diff.tex
Package epstopdf Info: Source file: <viscos_rat=10_vol_diff.eps>
(epstopdf)                    date: 2016-02-16 11:53:36
(epstopdf)                    size: 299942 bytes
(epstopdf)             Output file: <viscos_rat=10_vol_diff-eps-converted-to.pd
f>
(epstopdf)                    date: 2016-02-16 11:53:40
(epstopdf)                    size: 110642 bytes
(epstopdf)             Command: <epstopdf --outfile=viscos_rat=10_vol_diff-eps-
converted-to.pdf viscos_rat=10_vol_diff.eps>
(epstopdf)             \includegraphics on input line 130.
Package epstopdf Info: Output file is already uptodate.

<viscos_rat=10_vol_diff-eps-converted-to.pdf, id=677, 361.35pt x 252.945pt>
File: viscos_rat=10_vol_diff-eps-converted-to.pdf Graphic file (type pdf)

<use viscos_rat=10_vol_diff-eps-converted-to.pdf>)
Overfull \hbox (5.22217pt too wide) in paragraph at lines 1030--1041
 [][]  [] 
 []

[32 <./viscos_rat=0_1_pos_diff-eps-converted-to.pdf> <./viscos_rat=10_pos_diff-
eps-converted-to.pdf>] (./floating_frame2.tex
Package epstopdf Info: Source file: <floating_frame2.eps>
(epstopdf)                    date: 2016-02-16 11:53:36
(epstopdf)                    size: 22129 bytes
(epstopdf)             Output file: <floating_frame2-eps-converted-to.pdf>
(epstopdf)                    date: 2016-02-16 11:53:40
(epstopdf)                    size: 4384 bytes
(epstopdf)             Command: <epstopdf --outfile=floating_frame2-eps-convert
ed-to.pdf floating_frame2.eps>
(epstopdf)             \includegraphics on input line 105.
Package epstopdf Info: Output file is already uptodate.

<floating_frame2-eps-converted-to.pdf, id=692, 361.35pt x 252.945pt>
File: floating_frame2-eps-converted-to.pdf Graphic file (type pdf)

<use floating_frame2-eps-converted-to.pdf>) (./floating_frame3.tex
Package epstopdf Info: Source file: <floating_frame3.eps>
(epstopdf)                    date: 2016-02-16 11:53:36
(epstopdf)                    size: 22127 bytes
(epstopdf)             Output file: <floating_frame3-eps-converted-to.pdf>
(epstopdf)                    date: 2016-02-16 11:53:40
(epstopdf)                    size: 4645 bytes
(epstopdf)             Command: <epstopdf --outfile=floating_frame3-eps-convert
ed-to.pdf floating_frame3.eps>
(epstopdf)             \includegraphics on input line 105.
Package epstopdf Info: Output file is already uptodate.

<floating_frame3-eps-converted-to.pdf, id=693, 361.35pt x 252.945pt>
File: floating_frame3-eps-converted-to.pdf Graphic file (type pdf)

<use floating_frame3-eps-converted-to.pdf>) (./floating_frame4.tex
Package epstopdf Info: Source file: <floating_frame4.eps>
(epstopdf)                    date: 2016-02-16 11:53:36
(epstopdf)                    size: 22128 bytes
(epstopdf)             Output file: <floating_frame4-eps-converted-to.pdf>
(epstopdf)                    date: 2016-02-16 11:53:40
(epstopdf)                    size: 4784 bytes
(epstopdf)             Command: <epstopdf --outfile=floating_frame4-eps-convert
ed-to.pdf floating_frame4.eps>
(epstopdf)             \includegraphics on input line 105.
Package epstopdf Info: Output file is already uptodate.

<floating_frame4-eps-converted-to.pdf, id=694, 361.35pt x 252.945pt>
File: floating_frame4-eps-converted-to.pdf Graphic file (type pdf)

<use floating_frame4-eps-converted-to.pdf>) (./floating_frame5.tex
Package epstopdf Info: Source file: <floating_frame5.eps>
(epstopdf)                    date: 2016-02-16 11:53:36
(epstopdf)                    size: 22128 bytes
(epstopdf)             Output file: <floating_frame5-eps-converted-to.pdf>
(epstopdf)                    date: 2016-02-16 11:53:40
(epstopdf)                    size: 4806 bytes
(epstopdf)             Command: <epstopdf --outfile=floating_frame5-eps-convert
ed-to.pdf floating_frame5.eps>
(epstopdf)             \includegraphics on input line 105.
Package epstopdf Info: Output file is already uptodate.

<floating_frame5-eps-converted-to.pdf, id=695, 361.35pt x 252.945pt>
File: floating_frame5-eps-converted-to.pdf Graphic file (type pdf)

<use floating_frame5-eps-converted-to.pdf>) (./floating_frame6.tex
Package epstopdf Info: Source file: <floating_frame6.eps>
(epstopdf)                    date: 2016-02-16 11:53:36
(epstopdf)                    size: 22129 bytes
(epstopdf)             Output file: <floating_frame6-eps-converted-to.pdf>
(epstopdf)                    date: 2016-02-16 11:53:40
(epstopdf)                    size: 4660 bytes
(epstopdf)             Command: <epstopdf --outfile=floating_frame6-eps-convert
ed-to.pdf floating_frame6.eps>
(epstopdf)             \includegraphics on input line 105.
Package epstopdf Info: Output file is already uptodate.

<floating_frame6-eps-converted-to.pdf, id=696, 361.35pt x 252.945pt>
File: floating_frame6-eps-converted-to.pdf Graphic file (type pdf)

<use floating_frame6-eps-converted-to.pdf>) (./floating_frame7.tex
Package epstopdf Info: Source file: <floating_frame7.eps>
(epstopdf)                    date: 2016-02-16 11:53:36
(epstopdf)                    size: 22303 bytes
(epstopdf)             Output file: <floating_frame7-eps-converted-to.pdf>
(epstopdf)                    date: 2016-02-16 11:53:41
(epstopdf)                    size: 4633 bytes
(epstopdf)             Command: <epstopdf --outfile=floating_frame7-eps-convert
ed-to.pdf floating_frame7.eps>
(epstopdf)             \includegraphics on input line 105.
Package epstopdf Info: Output file is already uptodate.

<floating_frame7-eps-converted-to.pdf, id=697, 361.35pt x 252.945pt>
File: floating_frame7-eps-converted-to.pdf Graphic file (type pdf)

<use floating_frame7-eps-converted-to.pdf>) (./floating_traj.tex
Package epstopdf Info: Source file: <floating_traj.eps>
(epstopdf)                    date: 2016-02-16 11:53:36
(epstopdf)                    size: 66646 bytes
(epstopdf)             Output file: <floating_traj-eps-converted-to.pdf>
(epstopdf)                    date: 2016-02-16 11:53:41
(epstopdf)                    size: 5684 bytes
(epstopdf)             Command: <epstopdf --outfile=floating_traj-eps-converted
-to.pdf floating_traj.eps>
(epstopdf)             \includegraphics on input line 106.
Package epstopdf Info: Output file is already uptodate.

<floating_traj-eps-converted-to.pdf, id=698, 361.35pt x 252.945pt>
File: floating_traj-eps-converted-to.pdf Graphic file (type pdf)

<use floating_traj-eps-converted-to.pdf>) (./sinking_frame1.tex
Package epstopdf Info: Source file: <sinking_frame1.eps>
(epstopdf)                    date: 2016-02-16 11:53:36
(epstopdf)                    size: 22127 bytes
(epstopdf)             Output file: <sinking_frame1-eps-converted-to.pdf>
(epstopdf)                    date: 2016-02-16 11:53:41
(epstopdf)                    size: 4631 bytes
(epstopdf)             Command: <epstopdf --outfile=sinking_frame1-eps-converte
d-to.pdf sinking_frame1.eps>
(epstopdf)             \includegraphics on input line 105.
Package epstopdf Info: Output file is already uptodate.

<sinking_frame1-eps-converted-to.pdf, id=699, 361.35pt x 252.945pt>
File: sinking_frame1-eps-converted-to.pdf Graphic file (type pdf)

<use sinking_frame1-eps-converted-to.pdf>) (./sinking_frame2.tex
Package epstopdf Info: Source file: <sinking_frame2.eps>
(epstopdf)                    date: 2016-02-16 11:53:36
(epstopdf)                    size: 22124 bytes
(epstopdf)             Output file: <sinking_frame2-eps-converted-to.pdf>
(epstopdf)                    date: 2016-02-16 11:53:41
(epstopdf)                    size: 4778 bytes
(epstopdf)             Command: <epstopdf --outfile=sinking_frame2-eps-converte
d-to.pdf sinking_frame2.eps>
(epstopdf)             \includegraphics on input line 105.
Package epstopdf Info: Output file is already uptodate.

<sinking_frame2-eps-converted-to.pdf, id=700, 361.35pt x 252.945pt>
File: sinking_frame2-eps-converted-to.pdf Graphic file (type pdf)

<use sinking_frame2-eps-converted-to.pdf>) (./sinking_frame3.tex
Package epstopdf Info: Source file: <sinking_frame3.eps>
(epstopdf)                    date: 2016-02-16 11:53:36
(epstopdf)                    size: 22126 bytes
(epstopdf)             Output file: <sinking_frame3-eps-converted-to.pdf>
(epstopdf)                    date: 2016-02-16 11:53:41
(epstopdf)                    size: 4796 bytes
(epstopdf)             Command: <epstopdf --outfile=sinking_frame3-eps-converte
d-to.pdf sinking_frame3.eps>
(epstopdf)             \includegraphics on input line 105.
Package epstopdf Info: Output file is already uptodate.

<sinking_frame3-eps-converted-to.pdf, id=701, 361.35pt x 252.945pt>
File: sinking_frame3-eps-converted-to.pdf Graphic file (type pdf)

<use sinking_frame3-eps-converted-to.pdf>) (./sinking_frame4.tex
Package epstopdf Info: Source file: <sinking_frame4.eps>
(epstopdf)                    date: 2016-02-16 11:53:36
(epstopdf)                    size: 22127 bytes
(epstopdf)             Output file: <sinking_frame4-eps-converted-to.pdf>
(epstopdf)                    date: 2016-02-16 11:53:41
(epstopdf)                    size: 4664 bytes
(epstopdf)             Command: <epstopdf --outfile=sinking_frame4-eps-converte
d-to.pdf sinking_frame4.eps>
(epstopdf)             \includegraphics on input line 105.
Package epstopdf Info: Output file is already uptodate.

<sinking_frame4-eps-converted-to.pdf, id=702, 361.35pt x 252.945pt>
File: sinking_frame4-eps-converted-to.pdf Graphic file (type pdf)

<use sinking_frame4-eps-converted-to.pdf>) (./sinking_frame5.tex
Package epstopdf Info: Source file: <sinking_frame5.eps>
(epstopdf)                    date: 2016-02-16 11:53:36
(epstopdf)                    size: 22342 bytes
(epstopdf)             Output file: <sinking_frame5-eps-converted-to.pdf>
(epstopdf)                    date: 2016-02-16 11:53:41
(epstopdf)                    size: 4643 bytes
(epstopdf)             Command: <epstopdf --outfile=sinking_frame5-eps-converte
d-to.pdf sinking_frame5.eps>
(epstopdf)             \includegraphics on input line 105.
Package epstopdf Info: Output file is already uptodate.

<sinking_frame5-eps-converted-to.pdf, id=703, 361.35pt x 252.945pt>
File: sinking_frame5-eps-converted-to.pdf Graphic file (type pdf)

<use sinking_frame5-eps-converted-to.pdf>) (./sinking_frame6.tex
Package epstopdf Info: Source file: <sinking_frame6.eps>
(epstopdf)                    date: 2016-02-16 11:53:36
(epstopdf)                    size: 22753 bytes
(epstopdf)             Output file: <sinking_frame6-eps-converted-to.pdf>
(epstopdf)                    date: 2016-02-16 11:53:42
(epstopdf)                    size: 4993 bytes
(epstopdf)             Command: <epstopdf --outfile=sinking_frame6-eps-converte
d-to.pdf sinking_frame6.eps>
(epstopdf)             \includegraphics on input line 105.
Package epstopdf Info: Output file is already uptodate.

<sinking_frame6-eps-converted-to.pdf, id=704, 361.35pt x 252.945pt>
File: sinking_frame6-eps-converted-to.pdf Graphic file (type pdf)

<use sinking_frame6-eps-converted-to.pdf>) (./sinking_traj.tex
Package epstopdf Info: Source file: <sinking_traj.eps>
(epstopdf)                    date: 2016-02-16 11:53:36
(epstopdf)                    size: 55816 bytes
(epstopdf)             Output file: <sinking_traj-eps-converted-to.pdf>
(epstopdf)                    date: 2016-02-16 11:53:42
(epstopdf)                    size: 14226 bytes
(epstopdf)             Command: <epstopdf --outfile=sinking_traj-eps-converted-
to.pdf sinking_traj.eps>
(epstopdf)             \includegraphics on input line 108.
Package epstopdf Info: Output file is already uptodate.

<sinking_traj-eps-converted-to.pdf, id=705, 361.35pt x 252.945pt>
File: sinking_traj-eps-converted-to.pdf Graphic file (type pdf)

<use sinking_traj-eps-converted-to.pdf>) [33 <./viscos_rat=0_1_vol_diff-eps-con
verted-to.pdf> <./viscos_rat=10_vol_diff-eps-converted-to.pdf>] [34 <./floating
_frame2-eps-converted-to.pdf> <./floating_frame3-eps-converted-to.pdf> <./float
ing_frame4-eps-converted-to.pdf> <./floating_frame5-eps-converted-to.pdf> <./fl
oating_frame6-eps-converted-to.pdf> <./floating_frame7-eps-converted-to.pdf>]
[35 <./floating_traj-eps-converted-to.pdf>] [36 <./sinking_frame1-eps-converted
-to.pdf> <./sinking_frame2-eps-converted-to.pdf> <./sinking_frame3-eps-converte
d-to.pdf> <./sinking_frame4-eps-converted-to.pdf> <./sinking_frame5-eps-convert
ed-to.pdf> <./sinking_frame6-eps-converted-to.pdf>] [37 <./sinking_traj-eps-con
verted-to.pdf>] (./regime_pub.tex
Package epstopdf Info: Source file: <regime_pub.eps>
(epstopdf)                    date: 2016-02-16 11:53:36
(epstopdf)                    size: 19985 bytes
(epstopdf)             Output file: <regime_pub-eps-converted-to.pdf>
(epstopdf)                    date: 2016-02-16 11:53:42
(epstopdf)                    size: 3876 bytes
(epstopdf)             Command: <epstopdf --outfile=regime_pub-eps-converted-to
.pdf regime_pub.eps>
(epstopdf)             \includegraphics on input line 113.
Package epstopdf Info: Output file is already uptodate.

<regime_pub-eps-converted-to.pdf, id=768, 361.35pt x 252.945pt>
File: regime_pub-eps-converted-to.pdf Graphic file (type pdf)

<use regime_pub-eps-converted-to.pdf>) (./zoom_regime_pub.tex
Package epstopdf Info: Source file: <zoom_regime_pub.eps>
(epstopdf)                    date: 2016-02-16 11:53:36
(epstopdf)                    size: 19744 bytes
(epstopdf)             Output file: <zoom_regime_pub-eps-converted-to.pdf>
(epstopdf)                    date: 2016-02-16 11:53:42
(epstopdf)                    size: 4563 bytes
(epstopdf)             Command: <epstopdf --outfile=zoom_regime_pub-eps-convert
ed-to.pdf zoom_regime_pub.eps>
(epstopdf)             \includegraphics on input line 111.
Package epstopdf Info: Output file is already uptodate.

<zoom_regime_pub-eps-converted-to.pdf, id=773, 361.35pt x 252.945pt>
File: zoom_regime_pub-eps-converted-to.pdf Graphic file (type pdf)

<use zoom_regime_pub-eps-converted-to.pdf>) [38 <./regime_pub-eps-converted-to.
pdf>] [39 <./zoom_regime_pub-eps-converted-to.pdf>] [40] [41] [42] [43]
[44] [45] [46] [47]
Missing character: There is no â in font cmr12!
Missing character: There is no  in font cmr12!
Missing character: There is no © in font cmr12!


Package hyperref Warning: Token not allowed in a PDF string (PDFDocEncoding):
(hyperref)                removing `math shift' on input line 1552.


Package hyperref Warning: Token not allowed in a PDF string (PDFDocEncoding):
(hyperref)                removing `\begingroup' on input line 1552.


Package hyperref Warning: Token not allowed in a PDF string (PDFDocEncoding):
(hyperref)                removing `\<let>-command' on input line 1552.


Package hyperref Warning: Token not allowed in a PDF string (PDFDocEncoding):
(hyperref)                removing `\@nomath' on input line 1552.


Package hyperref Warning: Token not allowed in a PDF string (PDFDocEncoding):
(hyperref)                removing `\begingroup' on input line 1552.


Package hyperref Warning: Token not allowed in a PDF string (PDFDocEncoding):
(hyperref)                removing `\setbox' on input line 1552.


Package hyperref Warning: Token not allowed in a PDF string (PDFDocEncoding):
(hyperref)                removing `\z@' on input line 1552.


Package hyperref Warning: Token not allowed in a PDF string (PDFDocEncoding):
(hyperref)                removing `\hbox' on input line 1552.


Package hyperref Warning: Token not allowed in a PDF string (PDFDocEncoding):
(hyperref)                removing `\thinmuskip' on input line 1552.


Package hyperref Warning: Token not allowed in a PDF string (PDFDocEncoding):
(hyperref)                removing `\medmuskip' on input line 1552.


Package hyperref Warning: Token not allowed in a PDF string (PDFDocEncoding):
(hyperref)                removing `\m@ne' on input line 1552.


Package hyperref Warning: Token not allowed in a PDF string (PDFDocEncoding):
(hyperref)                removing `\thickmuskip' on input line 1552.


Package hyperref Warning: Token not allowed in a PDF string (PDFDocEncoding):
(hyperref)                removing `\@ne' on input line 1552.


Package hyperref Warning: Token not allowed in a PDF string (PDFDocEncoding):
(hyperref)                removing `\setbox' on input line 1552.


Package hyperref Warning: Token not allowed in a PDF string (PDFDocEncoding):
(hyperref)                removing `\tw@' on input line 1552.


Package hyperref Warning: Token not allowed in a PDF string (PDFDocEncoding):
(hyperref)                removing `\hbox' on input line 1552.


Package hyperref Warning: Token not allowed in a PDF string (PDFDocEncoding):
(hyperref)                removing `math shift' on input line 1552.


Package hyperref Warning: Token not allowed in a PDF string (PDFDocEncoding):
(hyperref)                removing `\mathsurround' on input line 1552.


Package hyperref Warning: Token not allowed in a PDF string (PDFDocEncoding):
(hyperref)                removing `\z@' on input line 1552.


Package hyperref Warning: Token not allowed in a PDF string (PDFDocEncoding):
(hyperref)                removing `math shift' on input line 1552.


Package hyperref Warning: Token not allowed in a PDF string (PDFDocEncoding):
(hyperref)                removing `math shift' on input line 1552.


Package hyperref Warning: Token not allowed in a PDF string (PDFDocEncoding):
(hyperref)                removing `\mathsurround' on input line 1552.


Package hyperref Warning: Token not allowed in a PDF string (PDFDocEncoding):
(hyperref)                removing `\z@' on input line 1552.


Package hyperref Warning: Token not allowed in a PDF string (PDFDocEncoding):
(hyperref)                removing `math shift' on input line 1552.


Package hyperref Warning: Token not allowed in a PDF string (PDFDocEncoding):
(hyperref)                removing `\<def>-command' on input line 1552.


Package hyperref Warning: Token not allowed in a PDF string (PDFDocEncoding):
(hyperref)                removing `\@tempa' on input line 1552.


Package hyperref Warning: Token not allowed in a PDF string (PDFDocEncoding):
(hyperref)                removing `\new@ifnextchar' on input line 1552.


Package hyperref Warning: Token not allowed in a PDF string (PDFDocEncoding):
(hyperref)                removing `\mathchoice' on input line 1552.


Package hyperref Warning: Token not allowed in a PDF string (PDFDocEncoding):
(hyperref)                removing `\hbox' on input line 1552.


Package hyperref Warning: Token not allowed in a PDF string (PDFDocEncoding):
(hyperref)                removing `math shift' on input line 1552.


Package hyperref Warning: Token not allowed in a PDF string (PDFDocEncoding):
(hyperref)                removing `\mathsurround' on input line 1552.


Package hyperref Warning: Token not allowed in a PDF string (PDFDocEncoding):
(hyperref)                removing `\z@' on input line 1552.


Package hyperref Warning: Token not allowed in a PDF string (PDFDocEncoding):
(hyperref)                removing `\displaystyle' on input line 1552.


Package hyperref Warning: Token not allowed in a PDF string (PDFDocEncoding):
(hyperref)                removing `math shift' on input line 1552.


Package hyperref Warning: Token not allowed in a PDF string (PDFDocEncoding):
(hyperref)                removing `\hbox' on input line 1552.


Package hyperref Warning: Token not allowed in a PDF string (PDFDocEncoding):
(hyperref)                removing `math shift' on input line 1552.


Package hyperref Warning: Token not allowed in a PDF string (PDFDocEncoding):
(hyperref)                removing `\mathsurround' on input line 1552.


Package hyperref Warning: Token not allowed in a PDF string (PDFDocEncoding):
(hyperref)                removing `\z@' on input line 1552.


Package hyperref Warning: Token not allowed in a PDF string (PDFDocEncoding):
(hyperref)                removing `\textstyle' on input line 1552.


Package hyperref Warning: Token not allowed in a PDF string (PDFDocEncoding):
(hyperref)                removing `math shift' on input line 1552.


Package hyperref Warning: Token not allowed in a PDF string (PDFDocEncoding):
(hyperref)                removing `\hbox' on input line 1552.


Package hyperref Warning: Token not allowed in a PDF string (PDFDocEncoding):
(hyperref)                removing `math shift' on input line 1552.


Package hyperref Warning: Token not allowed in a PDF string (PDFDocEncoding):
(hyperref)                removing `\mathsurround' on input line 1552.


Package hyperref Warning: Token not allowed in a PDF string (PDFDocEncoding):
(hyperref)                removing `\z@' on input line 1552.


Package hyperref Warning: Token not allowed in a PDF string (PDFDocEncoding):
(hyperref)                removing `\scriptstyle' on input line 1552.


Package hyperref Warning: Token not allowed in a PDF string (PDFDocEncoding):
(hyperref)                removing `math shift' on input line 1552.


Package hyperref Warning: Token not allowed in a PDF string (PDFDocEncoding):
(hyperref)                removing `\hbox' on input line 1552.


Package hyperref Warning: Token not allowed in a PDF string (PDFDocEncoding):
(hyperref)                removing `math shift' on input line 1552.


Package hyperref Warning: Token not allowed in a PDF string (PDFDocEncoding):
(hyperref)                removing `\mathsurround' on input line 1552.


Package hyperref Warning: Token not allowed in a PDF string (PDFDocEncoding):
(hyperref)                removing `\z@' on input line 1552.


Package hyperref Warning: Token not allowed in a PDF string (PDFDocEncoding):
(hyperref)                removing `\scriptscriptstyle' on input line 1552.


Package hyperref Warning: Token not allowed in a PDF string (PDFDocEncoding):
(hyperref)                removing `math shift' on input line 1552.


Package hyperref Warning: Token not allowed in a PDF string (PDFDocEncoding):
(hyperref)                removing `\endgroup' on input line 1552.


Package hyperref Warning: Token not allowed in a PDF string (PDFDocEncoding):
(hyperref)                removing `math shift' on input line 1552.


Package hyperref Warning: Token not allowed in a PDF string (PDFDocEncoding):
(hyperref)                removing `math shift' on input line 1552.


Package hyperref Warning: Token not allowed in a PDF string (PDFDocEncoding):
(hyperref)                removing `\begingroup' on input line 1552.


Package hyperref Warning: Token not allowed in a PDF string (PDFDocEncoding):
(hyperref)                removing `\<let>-command' on input line 1552.


Package hyperref Warning: Token not allowed in a PDF string (PDFDocEncoding):
(hyperref)                removing `\@nomath' on input line 1552.


Package hyperref Warning: Token not allowed in a PDF string (PDFDocEncoding):
(hyperref)                removing `\begingroup' on input line 1552.


Package hyperref Warning: Token not allowed in a PDF string (PDFDocEncoding):
(hyperref)                removing `\setbox' on input line 1552.


Package hyperref Warning: Token not allowed in a PDF string (PDFDocEncoding):
(hyperref)                removing `\z@' on input line 1552.


Package hyperref Warning: Token not allowed in a PDF string (PDFDocEncoding):
(hyperref)                removing `\hbox' on input line 1552.


Package hyperref Warning: Token not allowed in a PDF string (PDFDocEncoding):
(hyperref)                removing `\thinmuskip' on input line 1552.


Package hyperref Warning: Token not allowed in a PDF string (PDFDocEncoding):
(hyperref)                removing `\medmuskip' on input line 1552.


Package hyperref Warning: Token not allowed in a PDF string (PDFDocEncoding):
(hyperref)                removing `\m@ne' on input line 1552.


Package hyperref Warning: Token not allowed in a PDF string (PDFDocEncoding):
(hyperref)                removing `\thickmuskip' on input line 1552.


Package hyperref Warning: Token not allowed in a PDF string (PDFDocEncoding):
(hyperref)                removing `\@ne' on input line 1552.


Package hyperref Warning: Token not allowed in a PDF string (PDFDocEncoding):
(hyperref)                removing `\setbox' on input line 1552.


Package hyperref Warning: Token not allowed in a PDF string (PDFDocEncoding):
(hyperref)                removing `\tw@' on input line 1552.


Package hyperref Warning: Token not allowed in a PDF string (PDFDocEncoding):
(hyperref)                removing `\hbox' on input line 1552.


Package hyperref Warning: Token not allowed in a PDF string (PDFDocEncoding):
(hyperref)                removing `math shift' on input line 1552.


Package hyperref Warning: Token not allowed in a PDF string (PDFDocEncoding):
(hyperref)                removing `\mathsurround' on input line 1552.


Package hyperref Warning: Token not allowed in a PDF string (PDFDocEncoding):
(hyperref)                removing `\z@' on input line 1552.


Package hyperref Warning: Token not allowed in a PDF string (PDFDocEncoding):
(hyperref)                removing `math shift' on input line 1552.


Package hyperref Warning: Token not allowed in a PDF string (PDFDocEncoding):
(hyperref)                removing `math shift' on input line 1552.


Package hyperref Warning: Token not allowed in a PDF string (PDFDocEncoding):
(hyperref)                removing `\mathsurround' on input line 1552.


Package hyperref Warning: Token not allowed in a PDF string (PDFDocEncoding):
(hyperref)                removing `\z@' on input line 1552.


Package hyperref Warning: Token not allowed in a PDF string (PDFDocEncoding):
(hyperref)                removing `math shift' on input line 1552.


Package hyperref Warning: Token not allowed in a PDF string (PDFDocEncoding):
(hyperref)                removing `\<def>-command' on input line 1552.


Package hyperref Warning: Token not allowed in a PDF string (PDFDocEncoding):
(hyperref)                removing `\@tempa' on input line 1552.


Package hyperref Warning: Token not allowed in a PDF string (PDFDocEncoding):
(hyperref)                removing `\new@ifnextchar' on input line 1552.


Package hyperref Warning: Token not allowed in a PDF string (PDFDocEncoding):
(hyperref)                removing `\mathchoice' on input line 1552.


Package hyperref Warning: Token not allowed in a PDF string (PDFDocEncoding):
(hyperref)                removing `\hbox' on input line 1552.


Package hyperref Warning: Token not allowed in a PDF string (PDFDocEncoding):
(hyperref)                removing `math shift' on input line 1552.


Package hyperref Warning: Token not allowed in a PDF string (PDFDocEncoding):
(hyperref)                removing `\mathsurround' on input line 1552.


Package hyperref Warning: Token not allowed in a PDF string (PDFDocEncoding):
(hyperref)                removing `\z@' on input line 1552.


Package hyperref Warning: Token not allowed in a PDF string (PDFDocEncoding):
(hyperref)                removing `\displaystyle' on input line 1552.


Package hyperref Warning: Token not allowed in a PDF string (PDFDocEncoding):
(hyperref)                removing `math shift' on input line 1552.


Package hyperref Warning: Token not allowed in a PDF string (PDFDocEncoding):
(hyperref)                removing `\hbox' on input line 1552.


Package hyperref Warning: Token not allowed in a PDF string (PDFDocEncoding):
(hyperref)                removing `math shift' on input line 1552.


Package hyperref Warning: Token not allowed in a PDF string (PDFDocEncoding):
(hyperref)                removing `\mathsurround' on input line 1552.


Package hyperref Warning: Token not allowed in a PDF string (PDFDocEncoding):
(hyperref)                removing `\z@' on input line 1552.


Package hyperref Warning: Token not allowed in a PDF string (PDFDocEncoding):
(hyperref)                removing `\textstyle' on input line 1552.


Package hyperref Warning: Token not allowed in a PDF string (PDFDocEncoding):
(hyperref)                removing `math shift' on input line 1552.


Package hyperref Warning: Token not allowed in a PDF string (PDFDocEncoding):
(hyperref)                removing `\hbox' on input line 1552.


Package hyperref Warning: Token not allowed in a PDF string (PDFDocEncoding):
(hyperref)                removing `math shift' on input line 1552.


Package hyperref Warning: Token not allowed in a PDF string (PDFDocEncoding):
(hyperref)                removing `\mathsurround' on input line 1552.


Package hyperref Warning: Token not allowed in a PDF string (PDFDocEncoding):
(hyperref)                removing `\z@' on input line 1552.


Package hyperref Warning: Token not allowed in a PDF string (PDFDocEncoding):
(hyperref)                removing `\scriptstyle' on input line 1552.


Package hyperref Warning: Token not allowed in a PDF string (PDFDocEncoding):
(hyperref)                removing `math shift' on input line 1552.


Package hyperref Warning: Token not allowed in a PDF string (PDFDocEncoding):
(hyperref)                removing `\hbox' on input line 1552.


Package hyperref Warning: Token not allowed in a PDF string (PDFDocEncoding):
(hyperref)                removing `math shift' on input line 1552.


Package hyperref Warning: Token not allowed in a PDF string (PDFDocEncoding):
(hyperref)                removing `\mathsurround' on input line 1552.


Package hyperref Warning: Token not allowed in a PDF string (PDFDocEncoding):
(hyperref)                removing `\z@' on input line 1552.


Package hyperref Warning: Token not allowed in a PDF string (PDFDocEncoding):
(hyperref)                removing `\scriptscriptstyle' on input line 1552.


Package hyperref Warning: Token not allowed in a PDF string (PDFDocEncoding):
(hyperref)                removing `math shift' on input line 1552.


Package hyperref Warning: Token not allowed in a PDF string (PDFDocEncoding):
(hyperref)                removing `\endgroup' on input line 1552.


Package hyperref Warning: Token not allowed in a PDF string (PDFDocEncoding):
(hyperref)                removing `math shift' on input line 1552.


Package hyperref Warning: Token not allowed in a PDF string (PDFDocEncoding):
(hyperref)                removing `math shift' on input line 1552.


Package hyperref Warning: Token not allowed in a PDF string (PDFDocEncoding):
(hyperref)                removing `\begingroup' on input line 1552.


Package hyperref Warning: Token not allowed in a PDF string (PDFDocEncoding):
(hyperref)                removing `\<let>-command' on input line 1552.


Package hyperref Warning: Token not allowed in a PDF string (PDFDocEncoding):
(hyperref)                removing `\@nomath' on input line 1552.


Package hyperref Warning: Token not allowed in a PDF string (PDFDocEncoding):
(hyperref)                removing `\begingroup' on input line 1552.


Package hyperref Warning: Token not allowed in a PDF string (PDFDocEncoding):
(hyperref)                removing `\setbox' on input line 1552.


Package hyperref Warning: Token not allowed in a PDF string (PDFDocEncoding):
(hyperref)                removing `\z@' on input line 1552.


Package hyperref Warning: Token not allowed in a PDF string (PDFDocEncoding):
(hyperref)                removing `\hbox' on input line 1552.


Package hyperref Warning: Token not allowed in a PDF string (PDFDocEncoding):
(hyperref)                removing `\thinmuskip' on input line 1552.


Package hyperref Warning: Token not allowed in a PDF string (PDFDocEncoding):
(hyperref)                removing `\medmuskip' on input line 1552.


Package hyperref Warning: Token not allowed in a PDF string (PDFDocEncoding):
(hyperref)                removing `\m@ne' on input line 1552.


Package hyperref Warning: Token not allowed in a PDF string (PDFDocEncoding):
(hyperref)                removing `\thickmuskip' on input line 1552.


Package hyperref Warning: Token not allowed in a PDF string (PDFDocEncoding):
(hyperref)                removing `\@ne' on input line 1552.


Package hyperref Warning: Token not allowed in a PDF string (PDFDocEncoding):
(hyperref)                removing `\setbox' on input line 1552.


Package hyperref Warning: Token not allowed in a PDF string (PDFDocEncoding):
(hyperref)                removing `\tw@' on input line 1552.


Package hyperref Warning: Token not allowed in a PDF string (PDFDocEncoding):
(hyperref)                removing `\hbox' on input line 1552.


Package hyperref Warning: Token not allowed in a PDF string (PDFDocEncoding):
(hyperref)                removing `math shift' on input line 1552.


Package hyperref Warning: Token not allowed in a PDF string (PDFDocEncoding):
(hyperref)                removing `\mathsurround' on input line 1552.


Package hyperref Warning: Token not allowed in a PDF string (PDFDocEncoding):
(hyperref)                removing `\z@' on input line 1552.


Package hyperref Warning: Token not allowed in a PDF string (PDFDocEncoding):
(hyperref)                removing `math shift' on input line 1552.


Package hyperref Warning: Token not allowed in a PDF string (PDFDocEncoding):
(hyperref)                removing `math shift' on input line 1552.


Package hyperref Warning: Token not allowed in a PDF string (PDFDocEncoding):
(hyperref)                removing `\mathsurround' on input line 1552.


Package hyperref Warning: Token not allowed in a PDF string (PDFDocEncoding):
(hyperref)                removing `\z@' on input line 1552.


Package hyperref Warning: Token not allowed in a PDF string (PDFDocEncoding):
(hyperref)                removing `math shift' on input line 1552.


Package hyperref Warning: Token not allowed in a PDF string (PDFDocEncoding):
(hyperref)                removing `\<def>-command' on input line 1552.


Package hyperref Warning: Token not allowed in a PDF string (PDFDocEncoding):
(hyperref)                removing `\@tempa' on input line 1552.


Package hyperref Warning: Token not allowed in a PDF string (PDFDocEncoding):
(hyperref)                removing `\new@ifnextchar' on input line 1552.


Package hyperref Warning: Token not allowed in a PDF string (PDFDocEncoding):
(hyperref)                removing `\mathchoice' on input line 1552.


Package hyperref Warning: Token not allowed in a PDF string (PDFDocEncoding):
(hyperref)                removing `\hbox' on input line 1552.


Package hyperref Warning: Token not allowed in a PDF string (PDFDocEncoding):
(hyperref)                removing `math shift' on input line 1552.


Package hyperref Warning: Token not allowed in a PDF string (PDFDocEncoding):
(hyperref)                removing `\mathsurround' on input line 1552.


Package hyperref Warning: Token not allowed in a PDF string (PDFDocEncoding):
(hyperref)                removing `\z@' on input line 1552.


Package hyperref Warning: Token not allowed in a PDF string (PDFDocEncoding):
(hyperref)                removing `\displaystyle' on input line 1552.


Package hyperref Warning: Token not allowed in a PDF string (PDFDocEncoding):
(hyperref)                removing `math shift' on input line 1552.


Package hyperref Warning: Token not allowed in a PDF string (PDFDocEncoding):
(hyperref)                removing `\hbox' on input line 1552.


Package hyperref Warning: Token not allowed in a PDF string (PDFDocEncoding):
(hyperref)                removing `math shift' on input line 1552.


Package hyperref Warning: Token not allowed in a PDF string (PDFDocEncoding):
(hyperref)                removing `\mathsurround' on input line 1552.


Package hyperref Warning: Token not allowed in a PDF string (PDFDocEncoding):
(hyperref)                removing `\z@' on input line 1552.


Package hyperref Warning: Token not allowed in a PDF string (PDFDocEncoding):
(hyperref)                removing `\textstyle' on input line 1552.


Package hyperref Warning: Token not allowed in a PDF string (PDFDocEncoding):
(hyperref)                removing `math shift' on input line 1552.


Package hyperref Warning: Token not allowed in a PDF string (PDFDocEncoding):
(hyperref)                removing `\hbox' on input line 1552.


Package hyperref Warning: Token not allowed in a PDF string (PDFDocEncoding):
(hyperref)                removing `math shift' on input line 1552.


Package hyperref Warning: Token not allowed in a PDF string (PDFDocEncoding):
(hyperref)                removing `\mathsurround' on input line 1552.


Package hyperref Warning: Token not allowed in a PDF string (PDFDocEncoding):
(hyperref)                removing `\z@' on input line 1552.


Package hyperref Warning: Token not allowed in a PDF string (PDFDocEncoding):
(hyperref)                removing `\scriptstyle' on input line 1552.


Package hyperref Warning: Token not allowed in a PDF string (PDFDocEncoding):
(hyperref)                removing `math shift' on input line 1552.


Package hyperref Warning: Token not allowed in a PDF string (PDFDocEncoding):
(hyperref)                removing `\hbox' on input line 1552.


Package hyperref Warning: Token not allowed in a PDF string (PDFDocEncoding):
(hyperref)                removing `math shift' on input line 1552.


Package hyperref Warning: Token not allowed in a PDF string (PDFDocEncoding):
(hyperref)                removing `\mathsurround' on input line 1552.


Package hyperref Warning: Token not allowed in a PDF string (PDFDocEncoding):
(hyperref)                removing `\z@' on input line 1552.


Package hyperref Warning: Token not allowed in a PDF string (PDFDocEncoding):
(hyperref)                removing `\scriptscriptstyle' on input line 1552.


Package hyperref Warning: Token not allowed in a PDF string (PDFDocEncoding):
(hyperref)                removing `math shift' on input line 1552.


Package hyperref Warning: Token not allowed in a PDF string (PDFDocEncoding):
(hyperref)                removing `\endgroup' on input line 1552.


Package hyperref Warning: Token not allowed in a PDF string (PDFDocEncoding):
(hyperref)                removing `math shift' on input line 1552.

[48] [49]
Overfull \hbox (6.09344pt too wide) detected at line 1601
\OML/cmm/m/it/12 c[] \OT1/cmr/m/n/12 = []\OML/cmm/m/it/12 ;
 []

[50] [51]

Package hyperref Warning: Token not allowed in a PDF string (PDFDocEncoding):
(hyperref)                removing `math shift' on input line 1702.


Package hyperref Warning: Token not allowed in a PDF string (PDFDocEncoding):
(hyperref)                removing `subscript' on input line 1702.


Package hyperref Warning: Token not allowed in a PDF string (PDFDocEncoding):
(hyperref)                removing `math shift' on input line 1702.

[52] (./bim.bbl [53] [54] [55]) [56] (./bim.aux)

LaTeX Warning: There were multiply-defined labels.

 ) 
Here is how much of TeX's memory you used:
 9079 strings out of 495061
 137936 string characters out of 1182620
 261443 words of memory out of 3000000
 11671 multiletter control sequences out of 15000+50000
 24676 words of font info for 92 fonts, out of 3000000 for 9000
 28 hyphenation exceptions out of 8191
 38i,19n,58p,1474b,486s stack positions out of 5000i,500n,10000p,200000b,50000s
</usr/share/texmf-texlive/fonts/type1/public/amsfonts/cmextra/cmbsy6.pfb></us
r/share/texmf-texlive/fonts/type1/public/amsfonts/cmextra/cmbsy8.pfb></usr/shar
e/texmf-texlive/fonts/type1/public/amsfonts/cm/cmbx10.pfb></usr/share/texmf-tex
live/fonts/type1/public/amsfonts/cm/cmbx12.pfb></usr/share/texmf-texlive/fonts/
type1/public/amsfonts/cm/cmex10.pfb></usr/share/texmf-texlive/fonts/type1/publi
c/amsfonts/cm/cmmi10.pfb></usr/share/texmf-texlive/fonts/type1/public/amsfonts/
cm/cmmi12.pfb></usr/share/texmf-texlive/fonts/type1/public/amsfonts/cm/cmmi6.pf
b></usr/share/texmf-texlive/fonts/type1/public/amsfonts/cm/cmmi8.pfb></usr/shar
e/texmf-texlive/fonts/type1/public/amsfonts/cm/cmmib10.pfb></usr/share/texmf-te
xlive/fonts/type1/public/amsfonts/cmextra/cmmib8.pfb></usr/share/texmf-texlive/
fonts/type1/public/amsfonts/cm/cmr10.pfb></usr/share/texmf-texlive/fonts/type1/
public/amsfonts/cm/cmr12.pfb></usr/share/texmf-texlive/fonts/type1/public/amsfo
nts/cm/cmr17.pfb></usr/share/texmf-texlive/fonts/type1/public/amsfonts/cm/cmr6.
pfb></usr/share/texmf-texlive/fonts/type1/public/amsfonts/cm/cmr8.pfb></usr/sha
re/texmf-texlive/fonts/type1/public/amsfonts/cm/cmsl12.pfb></usr/share/texmf-te
xlive/fonts/type1/public/amsfonts/cm/cmsy10.pfb></usr/share/texmf-texlive/fonts
/type1/public/amsfonts/cm/cmsy6.pfb></usr/share/texmf-texlive/fonts/type1/publi
c/amsfonts/cm/cmsy7.pfb></usr/share/texmf-texlive/fonts/type1/public/amsfonts/c
m/cmsy8.pfb></usr/share/texmf-texlive/fonts/type1/public/amsfonts/cm/cmti12.pfb
>
Output written on bim.pdf (56 pages, 1216728 bytes).
PDF statistics:
 1174 PDF objects out of 1200 (max. 8388607)
 300 named destinations out of 1000 (max. 500000)
 469 words of extra memory for PDF output out of 10000 (max. 10000000)

